BroadcastTaintAndLeak1/app/build/intermediates/manifest_merge_blame_file/debug/manifest-merger-blame-debug-report.txt
1<?xml version="1.0" encoding="utf-8"?>
2<manifest xmlns:android="http://schemas.android.com/apk/res/android"
3    package="edu.mit.icc_broadcast_programmatic_intentfilter"
4    android:versionCode="1"
5    android:versionName="1.0.0" >
6
7    <uses-sdk
8        android:minSdkVersion="1"
8-->src\main\AndroidManifest.xml
9        android:targetSdkVersion="19" />
9-->src\main\AndroidManifest.xml
10
11    <uses-permission android:name="android.permission.READ_PHONE_STATE" />
11-->src\main\AndroidManifest.xml:19:5-75
11-->src\main\AndroidManifest.xml:19:22-72
12
13    <application
13-->src\main\AndroidManifest.xml:6:5-18:19
14        android:debuggable="true"
15        android:icon="@drawable/icon"
15-->src\main\AndroidManifest.xml:7:5-34
16        android:label="BroadcastTest" >
16-->src\main\AndroidManifest.xml:8:5-34
17        <activity
17-->src\main\AndroidManifest.xml:9:9-17:20
18            android:name="edu.mit.icc_broadcast_programmatic_intentfilter.BroadcastTest"
18-->src\main\AndroidManifest.xml:9:19-95
19            android:label="BroadcastTest" >
19-->src\main\AndroidManifest.xml:10:19-48
20            <intent-filter>
20-->src\main\AndroidManifest.xml:11:13-16:29
21                <action android:name="android.intent.action.MAIN" />
21-->src\main\AndroidManifest.xml:12:17-13:61
21-->src\main\AndroidManifest.xml:13:17-58
22
23                <category android:name="android.intent.category.LAUNCHER" />
23-->src\main\AndroidManifest.xml:14:17-15:67
23-->src\main\AndroidManifest.xml:15:17-64
24            </intent-filter>
25        </activity>
26    </application>
27
28</manifest>